2022-09-19 14:44:41,392 INFO org.springframework.boot.web.servlet.context.AnnotationConfigServletWebServerApplicationContext [main] Refreshing org.springframework.boot.web.servlet.context.AnnotationConfigServletWebServerApplicationContext@5f058f00: startup date [Mon Sep 19 14:44:41 BOT 2022]; root of context hierarchy
2022-09-19 14:44:42,393 INFO org.springframework.boot.web.embedded.tomcat.TomcatWebServer [main] Tomcat initialized with port(s): 8082 (http)
2022-09-19 14:44:42,478 INFO org.springframework.web.context.ContextLoader [localhost-startStop-1] Root WebApplicationContext: initialization completed in 1086 ms
2022-09-19 14:44:42,525 INFO org.springframework.boot.web.servlet.ServletRegistrationBean [localhost-startStop-1] Servlet dispatcherServlet mapped to [/]
2022-09-19 14:44:42,525 INFO org.springframework.boot.web.servlet.FilterRegistrationBean [localhost-startStop-1] Mapping filter: 'characterEncodingFilter' to: [/*]
2022-09-19 14:44:42,525 INFO org.springframework.boot.web.servlet.FilterRegistrationBean [localhost-startStop-1] Mapping filter: 'hiddenHttpMethodFilter' to: [/*]
2022-09-19 14:44:42,525 INFO org.springframework.boot.web.servlet.FilterRegistrationBean [localhost-startStop-1] Mapping filter: 'httpPutFormContentFilter' to: [/*]
2022-09-19 14:44:42,525 INFO org.springframework.boot.web.servlet.FilterRegistrationBean [localhost-startStop-1] Mapping filter: 'requestContextFilter' to: [/*]
2022-09-19 14:44:42,641 INFO org.springframework.web.servlet.handler.SimpleUrlHandlerMapping [main] Mapped URL path [/**/favicon.ico] onto handler of type [class org.springframework.web.servlet.resource.ResourceHttpRequestHandler]
2022-09-19 14:44:42,763 INFO org.springframework.web.servlet.mvc.method.annotation.RequestMappingHandlerAdapter [main] Looking for @ControllerAdvice: org.springframework.boot.web.servlet.context.AnnotationConfigServletWebServerApplicationContext@5f058f00: startup date [Mon Sep 19 14:44:41 BOT 2022]; root of context hierarchy
2022-09-19 14:44:42,810 INFO org.springframework.web.servlet.mvc.method.annotation.RequestMappingHandlerMapping [main] Mapped "{[/inicio]}" onto public java.lang.String com.banvenez.ldap.action.LoginAction.test()
2022-09-19 14:44:42,810 INFO org.springframework.web.servlet.mvc.method.annotation.RequestMappingHandlerMapping [main] Mapped "{[/error]}" onto public org.springframework.http.ResponseEntity<java.util.Map<java.lang.String, java.lang.Object>> org.springframework.boot.autoconfigure.web.servlet.error.BasicErrorController.error(javax.servlet.http.HttpServletRequest)
2022-09-19 14:44:42,810 INFO org.springframework.web.servlet.mvc.method.annotation.RequestMappingHandlerMapping [main] Mapped "{[/error],produces=[text/html]}" onto public org.springframework.web.servlet.ModelAndView org.springframework.boot.autoconfigure.web.servlet.error.BasicErrorController.errorHtml(javax.servlet.http.HttpServletRequest,javax.servlet.http.HttpServletResponse)
2022-09-19 14:44:42,826 INFO org.springframework.web.servlet.handler.SimpleUrlHandlerMapping [main] Mapped URL path [/webjars/**] onto handler of type [class org.springframework.web.servlet.resource.ResourceHttpRequestHandler]
2022-09-19 14:44:42,826 INFO org.springframework.web.servlet.handler.SimpleUrlHandlerMapping [main] Mapped URL path [/**] onto handler of type [class org.springframework.web.servlet.resource.ResourceHttpRequestHandler]
2022-09-19 14:44:42,995 INFO org.springframework.jmx.export.annotation.AnnotationMBeanExporter [main] Registering beans for JMX exposure on startup
2022-09-19 14:44:43,010 INFO org.springframework.jmx.export.annotation.AnnotationMBeanExporter [main] Bean with name 'getDataSource' has been autodetected for JMX exposure
2022-09-19 14:44:43,010 INFO org.springframework.jmx.export.annotation.AnnotationMBeanExporter [main] Located MBean 'getDataSource': registering with JMX server as MBean [com.zaxxer.hikari:name=getDataSource,type=HikariDataSource]
2022-09-19 14:44:43,026 INFO org.springframework.boot.web.embedded.tomcat.TomcatWebServer [main] Tomcat started on port(s): 8082 (http) with context path '/ldapWS'
2022-09-19 14:45:09,730 INFO org.springframework.web.servlet.DispatcherServlet [http-nio-8082-exec-1] FrameworkServlet 'dispatcherServlet': initialization started
2022-09-19 14:45:09,730 INFO org.springframework.web.servlet.DispatcherServlet [http-nio-8082-exec-1] FrameworkServlet 'dispatcherServlet': initialization completed in 0 ms
2022-09-19 14:45:09,763 ERROR com.banvenez.ldap.action.LoginAction [http-nio-8082-exec-1] Prueba Error
2022-09-19 14:45:25,922 ERROR com.banvenez.ldap.action.LoginAction [http-nio-8082-exec-2] Prueba Error
2022-09-19 14:45:47,690 INFO org.springframework.boot.web.servlet.context.AnnotationConfigServletWebServerApplicationContext [Thread-7] Closing org.springframework.boot.web.servlet.context.AnnotationConfigServletWebServerApplicationContext@5f058f00: startup date [Mon Sep 19 14:44:41 BOT 2022]; root of context hierarchy
2022-09-19 14:45:47,705 INFO org.springframework.jmx.export.annotation.AnnotationMBeanExporter [Thread-7] Unregistering JMX-exposed beans on shutdown
2022-09-19 14:45:47,705 INFO org.springframework.jmx.export.annotation.AnnotationMBeanExporter [Thread-7] Unregistering JMX-exposed beans
