#
# There is insufficient memory for the Java Runtime Environment to continue.
# Native memory allocation (malloc) failed to allocate 2172176 bytes for Chunk::new
# Possible reasons:
#   The system is out of physical RAM or swap space
#   The process is running with CompressedOops enabled, and the Java Heap may be blocking the growth of the native heap
# Possible solutions:
#   Reduce memory load on the system
#   Increase physical memory or swap space
#   Check if swap backing store is full
#   Decrease Java heap size (-Xmx/-Xms)
#   Decrease number of Java threads
#   Decrease Java thread stack sizes (-Xss)
#   Set larger code cache with -XX:ReservedCodeCacheSize=
#   JVM is running with Unscaled Compressed Oops mode in which the Java heap is
#     placed in the first 4GB address space. The Java Heap base address is the
#     maximum limit for the native heap growth. Please use -XX:HeapBaseMinAddress
#     to set the Java Heap base and to place the Java Heap above 4GB virtual address.
# This output file may be truncated or incomplete.
#
#  Out of Memory Error (allocation.cpp:389), pid=8348, tid=0x0000000000005528
#
# JRE version: Java(TM) SE Runtime Environment (8.0_411) (build 1.8.0_411-b09)
# Java VM: Java HotSpot(TM) 64-Bit Server VM (25.411-b09 mixed mode windows-amd64 compressed oops)
# Failed to write core dump. Minidumps are not enabled by default on client versions of Windows
#

---------------  T H R E A D  ---------------

Current thread (0x000001dfcbf03000):  JavaThread "C2 CompilerThread0" daemon [_thread_in_native, id=21800, stack(0x000000bcb8900000,0x000000bcb8a00000)]

Stack: [0x000000bcb8900000,0x000000bcb8a00000]
Native frames: (J=compiled Java code, j=interpreted, Vv=VM code, C=native code)
V  [jvm.dll+0x3540d9]
V  [jvm.dll+0x291062]
V  [jvm.dll+0x291c2d]
V  [jvm.dll+0x286265]
V  [jvm.dll+0xdb87c]
V  [jvm.dll+0xdc08c]
V  [jvm.dll+0x49d9cd]
V  [jvm.dll+0x460fe5]
V  [jvm.dll+0x46a29f]
V  [jvm.dll+0x469699]
V  [jvm.dll+0x4533cc]
V  [jvm.dll+0xb0626]
V  [jvm.dll+0xaecff]
V  [jvm.dll+0x252182]
V  [jvm.dll+0x2adb2c]
C  [ucrtbase.dll+0x21bb2]
C  [KERNEL32.DLL+0x17374]
C  [ntdll.dll+0x4cc91]


Current CompileTask:
C2:   9292 4167   !   4       java.net.URLClassLoader$1::run (81 bytes)


---------------  P R O C E S S  ---------------

Java Threads: ( => current thread )
  0x000001dfcca80800 JavaThread "Service Thread" daemon [_thread_blocked, id=18940, stack(0x000000bcb8c00000,0x000000bcb8d00000)]
  0x000001dfcbf09800 JavaThread "C1 CompilerThread2" daemon [_thread_blocked, id=13448, stack(0x000000bcb8b00000,0x000000bcb8c00000)]
  0x000001dfcbf05000 JavaThread "C2 CompilerThread1" daemon [_thread_in_native, id=20328, stack(0x000000bcb8a00000,0x000000bcb8b00000)]
=>0x000001dfcbf03000 JavaThread "C2 CompilerThread0" daemon [_thread_in_native, id=21800, stack(0x000000bcb8900000,0x000000bcb8a00000)]
  0x000001dfcbef4800 JavaThread "Monitor Ctrl-Break" daemon [_thread_in_native, id=17888, stack(0x000000bcb8800000,0x000000bcb8900000)]
  0x000001dfcbe83000 JavaThread "Attach Listener" daemon [_thread_blocked, id=18324, stack(0x000000bcb8700000,0x000000bcb8800000)]
  0x000001dfcbe82000 JavaThread "Signal Dispatcher" daemon [_thread_blocked, id=15048, stack(0x000000bcb8600000,0x000000bcb8700000)]
  0x000001dfcbe5d800 JavaThread "Finalizer" daemon [_thread_blocked, id=11012, stack(0x000000bcb8500000,0x000000bcb8600000)]
  0x000001dfcbe56000 JavaThread "Reference Handler" daemon [_thread_blocked, id=15940, stack(0x000000bcb8400000,0x000000bcb8500000)]
  0x000001dfb57fd000 JavaThread "main" [_thread_in_native, id=13788, stack(0x000000bcb7e00000,0x000000bcb7f00000)]

Other Threads:
  0x000001dfcbe31800 VMThread [stack: 0x000000bcb8300000,0x000000bcb8400000] [id=16388]
  0x000001dfcca8e800 WatcherThread [stack: 0x000000bcb8d00000,0x000000bcb8e00000] [id=20060]

VM state:not at safepoint (normal execution)

VM Mutex/Monitor currently owned by a thread:  ([mutex/lock_event])
[0x000001dfb57f8a80] CodeCache_lock - owner thread: 0x000001dfcbf05000
[0x000001dfb57f7c00] Compile_lock - owner thread: 0x000001dfcbf05000
[0x000001dfb57f8e00] MethodCompileQueue_lock - owner thread: 0x000001dfcbf05000

heap address: 0x0000000081a00000, size: 2022 MB, Compressed Oops mode: 32-bit
Narrow klass base: 0x0000000000000000, Narrow klass shift: 3
Compressed class space size: 1073741824 Address: 0x0000000100000000

Heap:
 PSYoungGen      total 146432K, used 60740K [0x00000000d5e00000, 0x00000000dfa00000, 0x0000000100000000)
  eden space 133120K, 45% used [0x00000000d5e00000,0x00000000d99512c8,0x00000000de000000)
  from space 13312K, 0% used [0x00000000ded00000,0x00000000ded00000,0x00000000dfa00000)
  to   space 13312K, 0% used [0x00000000de000000,0x00000000de000000,0x00000000ded00000)
 ParOldGen       total 65536K, used 14374K [0x0000000081a00000, 0x0000000085a00000, 0x00000000d5e00000)
  object space 65536K, 21% used [0x0000000081a00000,0x0000000082809ae0,0x0000000085a00000)
 Metaspace       used 23503K, capacity 24322K, committed 24448K, reserved 1071104K
  class space    used 2874K, capacity 3100K, committed 3200K, reserved 1048576K

Card table byte_map: [0x000001dfc6420000,0x000001dfc6820000] byte_map_base: 0x000001dfc6013000

Marking Bits: (ParMarkBitMap*) 0x00007ffb109a70d0
 Begin Bits: [0x000001dfc6ad0000, 0x000001dfc8a68000)
 End Bits:   [0x000001dfc8a68000, 0x000001dfcaa00000)

Polling page: 0x000001dfb5780000

CodeCache: size=245760Kb used=12929Kb max_used=14199Kb free=232830Kb
 bounds [0x000001dfb7060000, 0x000001dfb7e70000, 0x000001dfc6060000]
 total_blobs=4259 nmethods=3850 adapters=320
 compilation: enabled

Compilation events (10 events):
Event: 8.905 Thread 0x000001dfcbf09800 4185       3       org.codehaus.plexus.util.MatchPattern::tokenizePathToString (58 bytes)
Event: 8.906 Thread 0x000001dfcbf09800 nmethod 4185 0x000001dfb72b1bd0 code [0x000001dfb72b1e20, 0x000001dfb72b2c10]
Event: 8.960 Thread 0x000001dfcbf09800 4188       3       sun.nio.ch.FileChannelImpl::open (16 bytes)
Event: 8.960 Thread 0x000001dfcbf09800 nmethod 4188 0x000001dfb7236350 code [0x000001dfb72364c0, 0x000001dfb72366d0]
Event: 8.986 Thread 0x000001dfcbf09800 4189       3       sun.nio.ch.FileDispatcherImpl::close (5 bytes)
Event: 8.986 Thread 0x000001dfcbf09800 nmethod 4189 0x000001dfb7246dd0 code [0x000001dfb7246f40, 0x000001dfb72470d0]
Event: 9.061 Thread 0x000001dfcbf09800 4191       3       sun.reflect.ClassFileAssembler::emitConstantPoolMethodref (28 bytes)
Event: 9.062 Thread 0x000001dfcbf09800 nmethod 4191 0x000001dfb718be90 code [0x000001dfb718c080, 0x000001dfb718c770]
Event: 9.086 Thread 0x000001dfcbf09800 4192       3       org.apache.maven.plugins.war.util.PathSet::normalizeFilePath (5 bytes)
Event: 9.086 Thread 0x000001dfcbf09800 nmethod 4192 0x000001dfb756d810 code [0x000001dfb756d9e0, 0x000001dfb756e0c0]

GC Heap History (10 events):
Event: 2.578 GC heap before
{Heap before GC invocations=3 (full 0):
 PSYoungGen      total 38400K, used 38374K [0x00000000d5e00000, 0x00000000da900000, 0x0000000100000000)
  eden space 33280K, 100% used [0x00000000d5e00000,0x00000000d7e80000,0x00000000d7e80000)
  from space 5120K, 99% used [0x00000000d8380000,0x00000000d8879a90,0x00000000d8880000)
  to   space 5120K, 0% used [0x00000000d7e80000,0x00000000d7e80000,0x00000000d8380000)
 ParOldGen       total 87552K, used 1344K [0x0000000081a00000, 0x0000000086f80000, 0x00000000d5e00000)
  object space 87552K, 1% used [0x0000000081a00000,0x0000000081b503f8,0x0000000086f80000)
 Metaspace       used 15792K, capacity 16250K, committed 16512K, reserved 1062912K
  class space    used 1959K, capacity 2112K, committed 2176K, reserved 1048576K
Event: 2.592 GC heap after
Heap after GC invocations=3 (full 0):
 PSYoungGen      total 38400K, used 5096K [0x00000000d5e00000, 0x00000000da900000, 0x0000000100000000)
  eden space 33280K, 0% used [0x00000000d5e00000,0x00000000d5e00000,0x00000000d7e80000)
  from space 5120K, 99% used [0x00000000d7e80000,0x00000000d837a028,0x00000000d8380000)
  to   space 5120K, 0% used [0x00000000da400000,0x00000000da400000,0x00000000da900000)
 ParOldGen       total 87552K, used 3953K [0x0000000081a00000, 0x0000000086f80000, 0x00000000d5e00000)
  object space 87552K, 4% used [0x0000000081a00000,0x0000000081ddc798,0x0000000086f80000)
 Metaspace       used 15792K, capacity 16250K, committed 16512K, reserved 1062912K
  class space    used 1959K, capacity 2112K, committed 2176K, reserved 1048576K
}
Event: 3.786 GC heap before
{Heap before GC invocations=4 (full 0):
 PSYoungGen      total 38400K, used 38376K [0x00000000d5e00000, 0x00000000da900000, 0x0000000100000000)
  eden space 33280K, 100% used [0x00000000d5e00000,0x00000000d7e80000,0x00000000d7e80000)
  from space 5120K, 99% used [0x00000000d7e80000,0x00000000d837a028,0x00000000d8380000)
  to   space 5120K, 0% used [0x00000000da400000,0x00000000da400000,0x00000000da900000)
 ParOldGen       total 87552K, used 3953K [0x0000000081a00000, 0x0000000086f80000, 0x00000000d5e00000)
  object space 87552K, 4% used [0x0000000081a00000,0x0000000081ddc798,0x0000000086f80000)
 Metaspace       used 19398K, capacity 19996K, committed 20224K, reserved 1067008K
  class space    used 2409K, capacity 2557K, committed 2560K, reserved 1048576K
Event: 3.802 GC heap after
Heap after GC invocations=4 (full 0):
 PSYoungGen      total 71680K, used 5104K [0x00000000d5e00000, 0x00000000da900000, 0x0000000100000000)
  eden space 66560K, 0% used [0x00000000d5e00000,0x00000000d5e00000,0x00000000d9f00000)
  from space 5120K, 99% used [0x00000000da400000,0x00000000da8fc050,0x00000000da900000)
  to   space 5120K, 0% used [0x00000000d9f00000,0x00000000d9f00000,0x00000000da400000)
 ParOldGen       total 87552K, used 7692K [0x0000000081a00000, 0x0000000086f80000, 0x00000000d5e00000)
  object space 87552K, 8% used [0x0000000081a00000,0x00000000821831a0,0x0000000086f80000)
 Metaspace       used 19398K, capacity 19996K, committed 20224K, reserved 1067008K
  class space    used 2409K, capacity 2557K, committed 2560K, reserved 1048576K
}
Event: 5.519 GC heap before
{Heap before GC invocations=5 (full 0):
 PSYoungGen      total 71680K, used 71664K [0x00000000d5e00000, 0x00000000da900000, 0x0000000100000000)
  eden space 66560K, 100% used [0x00000000d5e00000,0x00000000d9f00000,0x00000000d9f00000)
  from space 5120K, 99% used [0x00000000da400000,0x00000000da8fc050,0x00000000da900000)
  to   space 5120K, 0% used [0x00000000d9f00000,0x00000000d9f00000,0x00000000da400000)
 ParOldGen       total 87552K, used 7692K [0x0000000081a00000, 0x0000000086f80000, 0x00000000d5e00000)
  object space 87552K, 8% used [0x0000000081a00000,0x00000000821831a0,0x0000000086f80000)
 Metaspace       used 20490K, capacity 21178K, committed 21296K, reserved 1069056K
  class space    used 2493K, capacity 2680K, committed 2688K, reserved 1048576K
Event: 5.537 GC heap after
Heap after GC invocations=5 (full 0):
 PSYoungGen      total 71680K, used 5104K [0x00000000d5e00000, 0x00000000dfa00000, 0x0000000100000000)
  eden space 66560K, 0% used [0x00000000d5e00000,0x00000000d5e00000,0x00000000d9f00000)
  from space 5120K, 99% used [0x00000000d9f00000,0x00000000da3fc030,0x00000000da400000)
  to   space 13312K, 0% used [0x00000000ded00000,0x00000000ded00000,0x00000000dfa00000)
 ParOldGen       total 87552K, used 15494K [0x0000000081a00000, 0x0000000086f80000, 0x00000000d5e00000)
  object space 87552K, 17% used [0x0000000081a00000,0x0000000082921aa0,0x0000000086f80000)
 Metaspace       used 20490K, capacity 21178K, committed 21296K, reserved 1069056K
  class space    used 2493K, capacity 2680K, committed 2688K, reserved 1048576K
}
Event: 5.581 GC heap before
{Heap before GC invocations=6 (full 0):
 PSYoungGen      total 71680K, used 7853K [0x00000000d5e00000, 0x00000000dfa00000, 0x0000000100000000)
  eden space 66560K, 4% used [0x00000000d5e00000,0x00000000d60af4e8,0x00000000d9f00000)
  from space 5120K, 99% used [0x00000000d9f00000,0x00000000da3fc030,0x00000000da400000)
  to   space 13312K, 0% used [0x00000000ded00000,0x00000000ded00000,0x00000000dfa00000)
 ParOldGen       total 87552K, used 15494K [0x0000000081a00000, 0x0000000086f80000, 0x00000000d5e00000)
  object space 87552K, 17% used [0x0000000081a00000,0x0000000082921aa0,0x0000000086f80000)
 Metaspace       used 20530K, capacity 21248K, committed 21296K, reserved 1069056K
  class space    used 2494K, capacity 2681K, committed 2688K, reserved 1048576K
Event: 5.592 GC heap after
Heap after GC invocations=6 (full 0):
 PSYoungGen      total 146432K, used 5568K [0x00000000d5e00000, 0x00000000dfa00000, 0x0000000100000000)
  eden space 133120K, 0% used [0x00000000d5e00000,0x00000000d5e00000,0x00000000de000000)
  from space 13312K, 41% used [0x00000000ded00000,0x00000000df270020,0x00000000dfa00000)
  to   space 13312K, 0% used [0x00000000de000000,0x00000000de000000,0x00000000ded00000)
 ParOldGen       total 87552K, used 15502K [0x0000000081a00000, 0x0000000086f80000, 0x00000000d5e00000)
  object space 87552K, 17% used [0x0000000081a00000,0x0000000082923aa0,0x0000000086f80000)
 Metaspace       used 20530K, capacity 21248K, committed 21296K, reserved 1069056K
  class space    used 2494K, capacity 2681K, committed 2688K, reserved 1048576K
}
Event: 5.592 GC heap before
{Heap before GC invocations=7 (full 1):
 PSYoungGen      total 146432K, used 5568K [0x00000000d5e00000, 0x00000000dfa00000, 0x0000000100000000)
  eden space 133120K, 0% used [0x00000000d5e00000,0x00000000d5e00000,0x00000000de000000)
  from space 13312K, 41% used [0x00000000ded00000,0x00000000df270020,0x00000000dfa00000)
  to   space 13312K, 0% used [0x00000000de000000,0x00000000de000000,0x00000000ded00000)
 ParOldGen       total 87552K, used 15502K [0x0000000081a00000, 0x0000000086f80000, 0x00000000d5e00000)
  object space 87552K, 17% used [0x0000000081a00000,0x0000000082923aa0,0x0000000086f80000)
 Metaspace       used 20530K, capacity 21248K, committed 21296K, reserved 1069056K
  class space    used 2494K, capacity 2681K, committed 2688K, reserved 1048576K
Event: 5.713 GC heap after
Heap after GC invocations=7 (full 1):
 PSYoungGen      total 146432K, used 0K [0x00000000d5e00000, 0x00000000dfa00000, 0x0000000100000000)
  eden space 133120K, 0% used [0x00000000d5e00000,0x00000000d5e00000,0x00000000de000000)
  from space 13312K, 0% used [0x00000000ded00000,0x00000000ded00000,0x00000000dfa00000)
  to   space 13312K, 0% used [0x00000000de000000,0x00000000de000000,0x00000000ded00000)
 ParOldGen       total 65536K, used 14374K [0x0000000081a00000, 0x0000000085a00000, 0x00000000d5e00000)
  object space 65536K, 21% used [0x0000000081a00000,0x0000000082809ae0,0x0000000085a00000)
 Metaspace       used 20530K, capacity 21248K, committed 21296K, reserved 1069056K
  class space    used 2494K, capacity 2681K, committed 2688K, reserved 1048576K
}

Deoptimization events (10 events):
Event: 8.234 Thread 0x000001dfb57fd000 Uncommon trap: reason=bimorphic action=maybe_recompile pc=0x000001dfb76fad18 method=com.google.inject.internal.LinkedBindingImpl.acceptTargetVisitor(Lcom/google/inject/spi/BindingTargetVisitor;)Ljava/lang/Object; @ 2
Event: 8.452 Thread 0x000001dfb57fd000 Uncommon trap: reason=bimorphic action=maybe_recompile pc=0x000001dfb76fad18 method=com.google.inject.internal.LinkedBindingImpl.acceptTargetVisitor(Lcom/google/inject/spi/BindingTargetVisitor;)Ljava/lang/Object; @ 2
Event: 8.452 Thread 0x000001dfb57fd000 Uncommon trap: reason=bimorphic action=maybe_recompile pc=0x000001dfb76fad18 method=com.google.inject.internal.LinkedBindingImpl.acceptTargetVisitor(Lcom/google/inject/spi/BindingTargetVisitor;)Ljava/lang/Object; @ 2
Event: 8.460 Thread 0x000001dfb57fd000 Uncommon trap: reason=null_check action=make_not_entrant pc=0x000001dfb7bcca30 method=com.google.inject.internal.InjectorImpl.enterContext()Lcom/google/inject/internal/InternalContext; @ 7
Event: 8.615 Thread 0x000001dfb57fd000 Uncommon trap: reason=unstable_if action=reinterpret pc=0x000001dfb7475e7c method=java.lang.CharacterDataLatin1.isWhitespace(I)Z @ 14
Event: 8.681 Thread 0x000001dfb57fd000 Uncommon trap: reason=class_check action=maybe_recompile pc=0x000001dfb7ced29c method=org.eclipse.sisu.wire.EntryListAdapter$ValueIterator.next()Ljava/lang/Object; @ 4
Event: 8.683 Thread 0x000001dfb57fd000 Uncommon trap: reason=class_check action=maybe_recompile pc=0x000001dfb7ced29c method=org.eclipse.sisu.wire.EntryListAdapter$ValueIterator.next()Ljava/lang/Object; @ 4
Event: 8.686 Thread 0x000001dfb57fd000 Uncommon trap: reason=class_check action=maybe_recompile pc=0x000001dfb7ced29c method=org.eclipse.sisu.wire.EntryListAdapter$ValueIterator.next()Ljava/lang/Object; @ 4
Event: 8.731 Thread 0x000001dfb57fd000 Uncommon trap: reason=loop_limit_check action=maybe_recompile pc=0x000001dfb7d83bc4 method=java.util.regex.Pattern$Start.match(Ljava/util/regex/Matcher;ILjava/lang/CharSequence;)Z @ 37
Event: 8.732 Thread 0x000001dfb57fd000 Uncommon trap: reason=class_check action=maybe_recompile pc=0x000001dfb7ced29c method=org.eclipse.sisu.wire.EntryListAdapter$ValueIterator.next()Ljava/lang/Object; @ 4

Classes redefined (0 events):
No events

Internal exceptions (10 events):
Event: 3.422 Thread 0x000001dfb57fd000 Implicit null exception at 0x000001dfb72dd296 to 0x000001dfb72dd635
Event: 3.753 Thread 0x000001dfb57fd000 Implicit null exception at 0x000001dfb78538eb to 0x000001dfb7854c79
Event: 3.994 Thread 0x000001dfb57fd000 Implicit null exception at 0x000001dfb7899b75 to 0x000001dfb7899e19
Event: 3.994 Thread 0x000001dfb57fd000 Implicit null exception at 0x000001dfb786239b to 0x000001dfb7862841
Event: 3.995 Thread 0x000001dfb57fd000 Implicit null exception at 0x000001dfb74f6fd5 to 0x000001dfb74f71ad
Event: 3.995 Thread 0x000001dfb57fd000 Implicit null exception at 0x000001dfb761356f to 0x000001dfb76135d9
Event: 4.000 Thread 0x000001dfb57fd000 Exception <a 'java/lang/NoSuchMethodError': java.lang.Object.lambda$and$0(Ljava/util/function/Predicate;Ljava/lang/Object;)Z> (0x00000000d66033e8) thrown at [C:\jenkins\workspace\8-2-build-windows-x64-cygwin-sans-NAS\jdk8u411\893\hotspot\src\share\vm\inte
Event: 4.116 Thread 0x000001dfb57fd000 Implicit null exception at 0x000001dfb79455b7 to 0x000001dfb7945801
Event: 4.449 Thread 0x000001dfb57fd000 Implicit null exception at 0x000001dfb7a0a920 to 0x000001dfb7a0ae4d
Event: 8.460 Thread 0x000001dfb57fd000 Implicit null exception at 0x000001dfb7bcc6fe to 0x000001dfb7bcca21

Events (10 events):
Event: 8.823 loading class org/codehaus/plexus/util/IOUtil
Event: 8.823 loading class org/codehaus/plexus/util/IOUtil done
Event: 8.827 loading class org/apache/maven/plugins/war/packaging/ClassesPackagingTask
Event: 8.827 loading class org/apache/maven/plugins/war/packaging/ClassesPackagingTask done
Event: 8.827 loading class org/apache/maven/plugins/war/packaging/ClassesPackagingTask
Event: 8.827 loading class org/apache/maven/plugins/war/packaging/ClassesPackagingTask done
Event: 8.828 loading class org/codehaus/plexus/interpolation/InterpolationException
Event: 8.828 loading class org/codehaus/plexus/interpolation/InterpolationException done
Event: 8.828 loading class org/codehaus/plexus/interpolation/InterpolationException
Event: 8.828 loading class org/codehaus/plexus/interpolation/InterpolationException done


Dynamic libraries:
0x00007ff7fcd60000 - 0x00007ff7fcdaa000 	C:\Program Files\Java\jdk-1.8\bin\java.exe
0x00007ffb62ab0000 - 0x00007ffb62ca8000 	C:\WINDOWS\SYSTEM32\ntdll.dll
0x00007ffb61b10000 - 0x00007ffb61bd1000 	C:\WINDOWS\System32\KERNEL32.DLL
0x00007ffb60210000 - 0x00007ffb6050d000 	C:\WINDOWS\System32\KERNELBASE.dll
0x00007ffb61110000 - 0x00007ffb611c0000 	C:\WINDOWS\System32\ADVAPI32.dll
0x00007ffb628c0000 - 0x00007ffb6295e000 	C:\WINDOWS\System32\msvcrt.dll
0x00007ffb61270000 - 0x00007ffb61310000 	C:\WINDOWS\System32\sechost.dll
0x00007ffb619a0000 - 0x00007ffb61ac3000 	C:\WINDOWS\System32\RPCRT4.dll
0x00007ffb60540000 - 0x00007ffb60567000 	C:\WINDOWS\System32\bcrypt.dll
0x00007ffb61be0000 - 0x00007ffb61d7d000 	C:\WINDOWS\System32\USER32.dll
0x00007ffb60510000 - 0x00007ffb60532000 	C:\WINDOWS\System32\win32u.dll
0x00007ffb62890000 - 0x00007ffb628bb000 	C:\WINDOWS\System32\GDI32.dll
0x00007ffb607d0000 - 0x00007ffb608e7000 	C:\WINDOWS\System32\gdi32full.dll
0x00007ffb60730000 - 0x00007ffb607cd000 	C:\WINDOWS\System32\msvcp_win.dll
0x00007ffb60630000 - 0x00007ffb60730000 	C:\WINDOWS\System32\ucrtbase.dll
0x00007ffb4b5d0000 - 0x00007ffb4b86a000 	C:\WINDOWS\WinSxS\amd64_microsoft.windows.common-controls_6595b64144ccf1df_6.0.19041.4355_none_60b8b9eb71f62e16\COMCTL32.dll
0x00007ffb61ae0000 - 0x00007ffb61b0f000 	C:\WINDOWS\System32\IMM32.DLL
0x00007ffb570d0000 - 0x00007ffb570eb000 	C:\Program Files\Java\jdk-1.8\jre\bin\vcruntime140.dll
0x00007ffb59b40000 - 0x00007ffb59b4c000 	C:\Program Files\Java\jdk-1.8\jre\bin\vcruntime140_1.dll
0x00007ffb2a0e0000 - 0x00007ffb2a16e000 	C:\Program Files\Java\jdk-1.8\jre\bin\msvcp140.dll
0x00007ffb10170000 - 0x00007ffb10a21000 	C:\Program Files\Java\jdk-1.8\jre\bin\server\jvm.dll
0x00007ffb60ae0000 - 0x00007ffb60ae8000 	C:\WINDOWS\System32\PSAPI.DLL
0x00007ffb57340000 - 0x00007ffb5734a000 	C:\WINDOWS\SYSTEM32\VERSION.dll
0x00007ffb49100000 - 0x00007ffb49127000 	C:\WINDOWS\SYSTEM32\WINMM.dll
0x00007ffb464b0000 - 0x00007ffb464b9000 	C:\WINDOWS\SYSTEM32\WSOCK32.dll
0x00007ffb62640000 - 0x00007ffb626ab000 	C:\WINDOWS\System32\ws2_32.DLL
0x00007ffb5e970000 - 0x00007ffb5e982000 	C:\WINDOWS\SYSTEM32\kernel.appcore.dll
0x00007ffb590a0000 - 0x00007ffb590b0000 	C:\Program Files\Java\jdk-1.8\jre\bin\verify.dll
0x00007ffb56ff0000 - 0x00007ffb5701b000 	C:\Program Files\Java\jdk-1.8\jre\bin\java.dll
0x00007ffb3af50000 - 0x00007ffb3af84000 	C:\Program Files\Java\jdk-1.8\jre\bin\instrument.dll
0x00007ffb570b0000 - 0x00007ffb570c8000 	C:\Program Files\Java\jdk-1.8\jre\bin\zip.dll
0x00007ffb61e10000 - 0x00007ffb6257f000 	C:\WINDOWS\System32\SHELL32.dll
0x00007ffb5dd90000 - 0x00007ffb5e533000 	C:\WINDOWS\SYSTEM32\windows.storage.dll
0x00007ffb61640000 - 0x00007ffb61993000 	C:\WINDOWS\System32\combase.dll
0x00007ffb5f9e0000 - 0x00007ffb5fa0e000 	C:\WINDOWS\SYSTEM32\Wldp.dll
0x00007ffb61570000 - 0x00007ffb6163d000 	C:\WINDOWS\System32\OLEAUT32.dll
0x00007ffb611c0000 - 0x00007ffb6126d000 	C:\WINDOWS\System32\SHCORE.dll
0x00007ffb62580000 - 0x00007ffb625d5000 	C:\WINDOWS\System32\shlwapi.dll
0x00007ffb60090000 - 0x00007ffb600b4000 	C:\WINDOWS\SYSTEM32\profapi.dll
0x00007ffb57030000 - 0x00007ffb5704a000 	C:\Users\Usuario\AppData\Local\Programs\IntelliJ IDEA Community Edition\bin\breakgen64.dll
0x00007ffb491a0000 - 0x00007ffb491bc000 	C:\Program Files\Java\jdk-1.8\jre\bin\net.dll
0x00007ffb5f7c0000 - 0x00007ffb5f82a000 	C:\WINDOWS\system32\mswsock.dll
0x00007ffb41180000 - 0x00007ffb41193000 	C:\Program Files\Java\jdk-1.8\jre\bin\nio.dll
0x0000000069ac0000 - 0x0000000069ae4000 	C:\Users\Usuario\AppData\Local\Temp\jansi-2.4.0-f16bc0354e26037b-jansi.dll
0x00007ffb5e610000 - 0x00007ffb5e7f4000 	C:\WINDOWS\SYSTEM32\dbghelp.dll
0x00007ffb60a50000 - 0x00007ffb60ad2000 	C:\WINDOWS\System32\bcryptPrimitives.dll

VM Arguments:
jvm_args: -Dmaven.multiModuleProjectDirectory=C:\Nueva carpeta\astWS -Djansi.passthrough=true -Dmaven.home=C:\Users\Usuario\AppData\Local\Programs\IntelliJ IDEA Community Edition\plugins\maven\lib\maven3 -Dclassworlds.conf=C:\Users\Usuario\AppData\Local\Programs\IntelliJ IDEA Community Edition\plugins\maven\lib\maven3\bin\m2.conf -Dmaven.ext.class.path=C:\Users\Usuario\AppData\Local\Programs\IntelliJ IDEA Community Edition\plugins\maven\lib\maven-event-listener.jar -javaagent:C:\Users\Usuario\AppData\Local\Programs\IntelliJ IDEA Community Edition\lib\idea_rt.jar=57771:C:\Users\Usuario\AppData\Local\Programs\IntelliJ IDEA Community Edition\bin -Dfile.encoding=UTF-8 
java_command: org.codehaus.classworlds.Launcher -Didea.version=2024.1.2 org.apache.maven.plugins:maven-war-plugin:3.1.0:war
java_class_path (initial): C:\Users\Usuario\AppData\Local\Programs\IntelliJ IDEA Community Edition\plugins\maven\lib\maven3\boot\plexus-classworlds-2.7.0.jar;C:\Users\Usuario\AppData\Local\Programs\IntelliJ IDEA Community Edition\plugins\maven\lib\maven3\boot\plexus-classworlds.license;C:\Users\Usuario\AppData\Local\Programs\IntelliJ IDEA Community Edition\lib\idea_rt.jar
Launcher Type: SUN_STANDARD

Environment Variables:
JAVA_HOME=C:\Program Files\Java\jdk-17
PATH=C:\Program Files\Common Files\Oracle\Java\javapath;C:\Program Files (x86)\Common Files\Oracle\Java\java8path;C:\Program Files (x86)\Common Files\Oracle\Java\javapath;C:\Oracle\Middleware4\Oracle_FRHome1\bin;C:\Oracle\Middleware2\Oracle_FRHome1\bin;C:\app\client\Usuario\product\12.2.0\client_1\bin;C:\WINDOWS\system32;C:\WINDOWS;C:\WINDOWS\System32\Wbem;C:\WINDOWS\System32\WindowsPowerShell\v1.0\;C:\WINDOWS\System32\OpenSSH\;C:\Maven\apache-maven-3.6.3\bin;C:\Oracle\Middleware\Oracle_Home1\;C:\Program Files\TortoiseGit\bin;C:\Program Files\Git\cmd;C:\Program Files\Git\mingw64\bin;C:\Program Files\Git\usr\bin;C:\Program Files (x86)\Microsoft SQL Server\150\DTS\Binn\;C:\Program Files\Azure Data Studio\bin;C:\Program Files\dotnet\;C:\Oracle\Middleware2\Oracle_FRHome1\opmn\bin;C:\Oracle\Middleware2\Oracle_FRHome1\opmn\lib;C:\Oracle\Middleware2\Oracle_FRHome1\perl\bin;C:\Oracle\Middleware4\Oracle_FRHome1\opmn\bin;C:\Oracle\Middleware4\Oracle_FRHome1\opmn\lib;C:\Oracle\Middleware4\Oracle_FRHome1\perl\bin;C:\Program Files\Java\jdk-17\bin;E:\Docker\resources\bin;C:\Program Files (x86)\Bitvise SSH Client;C:\Users\Usuario\AppData\Local\Microsoft\WindowsApps;C:\Program Files\Azure Data Studio\bin;C:\Users\Usuario\.dotnet\tools;C:\Users\Usuario\AppData\Local\JetBrains\Toolbox\scripts;
USERNAME=Usuario
LD_LIBRARY_PATH=C:\Oracle\Middleware4\Oracle_FRHome1\lib
OS=Windows_NT
PROCESSOR_IDENTIFIER=Intel64 Family 6 Model 78 Stepping 3, GenuineIntel



---------------  S Y S T E M  ---------------

OS: Windows 10 , 64 bit Build 19041 (10.0.19041.4842)

CPU:total 4 (initial active 4) (2 cores per cpu, 2 threads per core) family 6 model 78 stepping 3, cmov, cx8, fxsr, mmx, sse, sse2, sse3, ssse3, sse4.1, sse4.2, popcnt, avx, avx2, aes, clmul, erms, rtm, 3dnowpref, lzcnt, ht, tsc, tscinvbit, bmi1, bmi2, adx

Memory: 4k page, physical 8278040k(681860k free), swap 17345992k(10832k free)

vm_info: Java HotSpot(TM) 64-Bit Server VM (25.411-b09) for windows-amd64 JRE (1.8.0_411-b09), built on Mar 13 2024 07:26:13 by "java_re" with MS VC++ 17.1 (VS2022)

time: Wed Oct  2 21:46:33 2024
timezone: Hora estándar de Venezuela
elapsed time: 9.306041 seconds (0d 0h 0m 9s)

